<?xml version="1.0" encoding="UTF-8"?>
<!-- Generated by org.testng.reporters.JUnitReportReporter -->
<testsuite skipped="7" hostname="TP4VDITR-TCS019" name="tr.findlaw.tests.Sprint_9" tests="8" failures="0" timestamp="16 Nov 2017 15:33:04 GMT" time="277.923" errors="1">
  <testcase name="SOC_5390" time="277.923" classname="tr.findlaw.tests.Sprint_9">
    <error type="org.openqa.selenium.TimeoutException" message="Expected condition failed: waiting for presence of element located by: By.xpath: //img[@src=&#039;/resource/Proposal_Chevron_Draft&#039;] (tried for 40 second(s) with 500 MILLISECONDS interval)">
      <![CDATA[org.openqa.selenium.TimeoutException: Expected condition failed: waiting for presence of element located by: By.xpath: //img[@src='/resource/Proposal_Chevron_Draft'] (tried for 40 second(s) with 500 MILLISECONDS interval)
	at com.framework.reports.ReportBuilder.buildTestNodes(ReportBuilder.java:127)
	at com.framework.reports.ReportBuilder.buildReports(ReportBuilder.java:57)
	at com.framework.test.BaseTest.afterSuite(BaseTest.java:67)
	at sun.reflect.NativeMethodAccessorImpl.invoke0(Native Method)
	at sun.reflect.NativeMethodAccessorImpl.invoke(NativeMethodAccessorImpl.java:62)
	at sun.reflect.DelegatingMethodAccessorImpl.invoke(DelegatingMethodAccessorImpl.java:43)
	at java.lang.reflect.Method.invoke(Method.java:498)
	at org.testng.internal.MethodInvocationHelper.invokeMethod(MethodInvocationHelper.java:108)
	at org.testng.internal.Invoker.invokeConfigurationMethod(Invoker.java:523)
	at org.testng.internal.Invoker.invokeConfigurations(Invoker.java:224)
	at org.testng.internal.Invoker.invokeConfigurations(Invoker.java:146)
	at org.testng.SuiteRunner.privateRun(SuiteRunner.java:350)
	at org.testng.SuiteRunner.run(SuiteRunner.java:289)
	at org.testng.SuiteRunnerWorker.runSuite(SuiteRunnerWorker.java:52)
	at org.testng.SuiteRunnerWorker.run(SuiteRunnerWorker.java:86)
	at org.testng.TestNG.runSuitesSequentially(TestNG.java:1301)
	at org.testng.TestNG.runSuitesLocally(TestNG.java:1226)
	at org.testng.TestNG.runSuites(TestNG.java:1144)
	at org.testng.TestNG.run(TestNG.java:1115)
	at org.testng.remote.AbstractRemoteTestNG.run(AbstractRemoteTestNG.java:114)
	at org.testng.remote.RemoteTestNG.initAndRun(RemoteTestNG.java:251)
	at org.testng.remote.RemoteTestNG.main(RemoteTestNG.java:77)
Caused by: org.openqa.selenium.NoSuchElementException: Cannot locate an element using By.xpath: //img[@src='/resource/Proposal_Chevron_Draft']
For documentation on this error, please visit: http://seleniumhq.org/exceptions/no_such_element.html
Build info: version: '3.6.0', revision: '6fbf3ec767', time: '2017-09-27T15:28:36.4Z'
System info: host: 'TP4VDITR-TCS019', ip: '10.25.14.23', os.name: 'Windows 7', os.arch: 'amd64', os.version: '6.1', java.version: '1.8.0_151'
Driver info: driver.version: unknown
	at org.openqa.selenium.support.ui.ExpectedConditions.lambda$findElement$0(ExpectedConditions.java:882)
	at java.util.Optional.orElseThrow(Optional.java:290)
	at org.openqa.selenium.support.ui.ExpectedConditions.findElement(ExpectedConditions.java:881)
	at org.openqa.selenium.support.ui.ExpectedConditions.access$000(ExpectedConditions.java:43)
	at org.openqa.selenium.support.ui.ExpectedConditions$6.apply(ExpectedConditions.java:182)
	at org.openqa.selenium.support.ui.ExpectedConditions$6.apply(ExpectedConditions.java:179)
	at org.openqa.selenium.support.ui.FluentWait.until(FluentWait.java:208)
	at com.framework.handlers.BaseHandler.waitForXpathToLoad(BaseHandler.java:123)
	at tr.findlaw.pages.AddProductsPage.AddProducts(AddProductsPage.java:1377)
	at tr.findlaw.tests.Sprint_9.SOC_5390(Sprint_9.java:172)
	at sun.reflect.NativeMethodAccessorImpl.invoke0(Native Method)
	at sun.reflect.NativeMethodAccessorImpl.invoke(NativeMethodAccessorImpl.java:62)
	at sun.reflect.DelegatingMethodAccessorImpl.invoke(DelegatingMethodAccessorImpl.java:43)
	at java.lang.reflect.Method.invoke(Method.java:498)
	at org.testng.internal.MethodInvocationHelper.invokeMethod(MethodInvocationHelper.java:108)
	at org.testng.internal.Invoker.invokeMethod(Invoker.java:661)
	at org.testng.internal.Invoker.invokeTestMethod(Invoker.java:869)
	at org.testng.internal.Invoker.invokeTestMethods(Invoker.java:1193)
	at org.testng.internal.TestMethodWorker.invokeTestMethods(TestMethodWorker.java:126)
	at org.testng.internal.TestMethodWorker.run(TestMethodWorker.java:109)
	at org.testng.TestRunner.privateRun(TestRunner.java:744)
	at org.testng.TestRunner.run(TestRunner.java:602)
	at org.testng.SuiteRunner.runTest(SuiteRunner.java:380)
	at org.testng.SuiteRunner.runSequentially(SuiteRunner.java:375)
	at org.testng.SuiteRunner.privateRun(SuiteRunner.java:340)
	... 10 more
]]>
    </error>
  </testcase> <!-- SOC_5390 -->
  <testcase name="SOC_5388" classname="tr.findlaw.tests.Sprint_9">
    <skipped/>
  </testcase> <!-- SOC_5388 -->
  <testcase name="SOC_5391" classname="tr.findlaw.tests.Sprint_9">
    <skipped/>
  </testcase> <!-- SOC_5391 -->
  <testcase name="SOC_5392" classname="tr.findlaw.tests.Sprint_9">
    <skipped/>
  </testcase> <!-- SOC_5392 -->
  <testcase name="SOC_4108_IMProducts" classname="tr.findlaw.tests.Sprint_9">
    <skipped/>
  </testcase> <!-- SOC_4108_IMProducts -->
  <testcase name="SOC_532" classname="tr.findlaw.tests.Sprint_9">
    <skipped/>
  </testcase> <!-- SOC_532 -->
  <testcase name="SOC_4449" classname="tr.findlaw.tests.Sprint_9">
    <skipped/>
  </testcase> <!-- SOC_4449 -->
  <testcase name="SOC_4108_FirmsiteProducts" classname="tr.findlaw.tests.Sprint_9">
    <skipped/>
  </testcase> <!-- SOC_4108_FirmsiteProducts -->
</testsuite> <!-- tr.findlaw.tests.Sprint_9 -->
