<?xml version="1.0" encoding="UTF-8"?>
<!-- Generated by org.testng.reporters.JUnitReportReporter -->
<testsuite skipped="9" hostname="Swati-PC" name="tr.findlaw.tests.Sprint_6" tests="10" failures="0" timestamp="13 Apr 2018 18:36:20 GMT" time="17.462" errors="1">
  <testcase name="SOC_4102" time="17.462" classname="tr.findlaw.tests.Sprint_6">
    <error type="org.openqa.selenium.WebDriverException" message="Unable to enter text on the element: [[ChromeDriver: chrome on XP (3ee3538d20c4e4be3cacb1de4e78c78f)] -&gt; id: username]
 org.openqa.selenium.WebDriverException: unknown error: call function result missing &#039;value&#039;
  (Session info: chrome=65.0.3325.181)
  (Driver info: chromedriver=2.33.506120 (e3e53437346286c0bc2d2dc9aa4915ba81d9023f),platform=Windows NT 6.1.7601 SP1 x86_64) (WARNING: The server did not provide any stacktrace information)
Command duration or timeout: 0 milliseconds
Build info: version: &#039;3.8.1&#039;, revision: &#039;6e95a6684b&#039;, time: &#039;2017-12-01T18:33:54.468Z&#039;
System info: host: &#039;SWATI-PC&#039;, ip: &#039;192.168.79.1&#039;, os.name: &#039;Windows 7&#039;, os.arch: &#039;x86&#039;, os.version: &#039;6.1&#039;, java.version: &#039;1.8.0_65&#039;
Driver info: org.openqa.selenium.chrome.ChromeDriver
Capabilities {acceptSslCerts: true, applicationCacheEnabled: false, browserConnectionEnabled: false, browserName: chrome, chrome: {chromedriverVersion: 2.33.506120 (e3e53437346286..., userDataDir: C:\Users\Swati\AppData\Loca...}, cssSelectorsEnabled: true, databaseEnabled: false, handlesAlerts: true, hasTouchScreen: false, javascriptEnabled: true, locationContextEnabled: true, mobileEmulationEnabled: false, nativeEvents: true, networkConnectionEnabled: false, pageLoadStrategy: normal, platform: XP, platformName: XP, rotatable: false, setWindowRect: true, takesHeapSnapshot: true, takesScreenshot: true, unexpectedAlertBehaviour: , unhandledPromptBehavior: , version: 65.0.3325.181, webStorageEnabled: true}
Session ID: 3ee3538d20c4e4be3cacb1de4e78c78f
Build info: version: &#039;3.8.1&#039;, revision: &#039;6e95a6684b&#039;, time: &#039;2017-12-01T18:33:54.468Z&#039;
System info: host: &#039;SWATI-PC&#039;, ip: &#039;192.168.79.1&#039;, os.name: &#039;Windows 7&#039;, os.arch: &#039;x86&#039;, os.version: &#039;6.1&#039;, java.version: &#039;1.8.0_65&#039;
Driver info: driver.version: unknown">
      <![CDATA[org.openqa.selenium.WebDriverException: Unable to enter text on the element: [[ChromeDriver: chrome on XP (3ee3538d20c4e4be3cacb1de4e78c78f)] -> id: username]
 org.openqa.selenium.WebDriverException: unknown error: call function result missing 'value'
  (Session info: chrome=65.0.3325.181)
  (Driver info: chromedriver=2.33.506120 (e3e53437346286c0bc2d2dc9aa4915ba81d9023f),platform=Windows NT 6.1.7601 SP1 x86_64) (WARNING: The server did not provide any stacktrace information)
Command duration or timeout: 0 milliseconds
Build info: version: '3.8.1', revision: '6e95a6684b', time: '2017-12-01T18:33:54.468Z'
System info: host: 'SWATI-PC', ip: '192.168.79.1', os.name: 'Windows 7', os.arch: 'x86', os.version: '6.1', java.version: '1.8.0_65'
Driver info: org.openqa.selenium.chrome.ChromeDriver
Capabilities {acceptSslCerts: true, applicationCacheEnabled: false, browserConnectionEnabled: false, browserName: chrome, chrome: {chromedriverVersion: 2.33.506120 (e3e53437346286..., userDataDir: C:\Users\Swati\AppData\Loca...}, cssSelectorsEnabled: true, databaseEnabled: false, handlesAlerts: true, hasTouchScreen: false, javascriptEnabled: true, locationContextEnabled: true, mobileEmulationEnabled: false, nativeEvents: true, networkConnectionEnabled: false, pageLoadStrategy: normal, platform: XP, platformName: XP, rotatable: false, setWindowRect: true, takesHeapSnapshot: true, takesScreenshot: true, unexpectedAlertBehaviour: , unhandledPromptBehavior: , version: 65.0.3325.181, webStorageEnabled: true}
Session ID: 3ee3538d20c4e4be3cacb1de4e78c78f
Build info: version: '3.8.1', revision: '6e95a6684b', time: '2017-12-01T18:33:54.468Z'
System info: host: 'SWATI-PC', ip: '192.168.79.1', os.name: 'Windows 7', os.arch: 'x86', os.version: '6.1', java.version: '1.8.0_65'
Driver info: driver.version: unknown
	at com.framework.reports.ReportBuilder.buildTestNodes(ReportBuilder.java:127)
	at com.framework.reports.ReportBuilder.buildReports(ReportBuilder.java:57)
	at com.framework.test.BaseTest.afterSuite(BaseTest.java:67)
	at sun.reflect.NativeMethodAccessorImpl.invoke0(Native Method)
	at sun.reflect.NativeMethodAccessorImpl.invoke(NativeMethodAccessorImpl.java:62)
	at sun.reflect.DelegatingMethodAccessorImpl.invoke(DelegatingMethodAccessorImpl.java:43)
	at java.lang.reflect.Method.invoke(Method.java:497)
	at org.testng.internal.MethodInvocationHelper.invokeMethod(MethodInvocationHelper.java:108)
	at org.testng.internal.Invoker.invokeConfigurationMethod(Invoker.java:523)
	at org.testng.internal.Invoker.invokeConfigurations(Invoker.java:224)
	at org.testng.internal.Invoker.invokeConfigurations(Invoker.java:146)
	at org.testng.SuiteRunner.privateRun(SuiteRunner.java:350)
	at org.testng.SuiteRunner.run(SuiteRunner.java:289)
	at org.testng.SuiteRunnerWorker.runSuite(SuiteRunnerWorker.java:52)
	at org.testng.SuiteRunnerWorker.run(SuiteRunnerWorker.java:86)
	at org.testng.TestNG.runSuitesSequentially(TestNG.java:1301)
	at org.testng.TestNG.runSuitesLocally(TestNG.java:1226)
	at org.testng.TestNG.runSuites(TestNG.java:1144)
	at org.testng.TestNG.run(TestNG.java:1115)
	at org.testng.remote.AbstractRemoteTestNG.run(AbstractRemoteTestNG.java:114)
	at org.testng.remote.RemoteTestNG.initAndRun(RemoteTestNG.java:251)
	at org.testng.remote.RemoteTestNG.main(RemoteTestNG.java:77)
]]>
    </error>
  </testcase> <!-- SOC_4102 -->
  <testcase name="SOC_4482" classname="tr.findlaw.tests.Sprint_6">
    <skipped/>
  </testcase> <!-- SOC_4482 -->
  <testcase name="SOC_4105" classname="tr.findlaw.tests.Sprint_6">
    <skipped/>
  </testcase> <!-- SOC_4105 -->
  <testcase name="SOC_4484" classname="tr.findlaw.tests.Sprint_6">
    <skipped/>
  </testcase> <!-- SOC_4484 -->
  <testcase name="SOC_4698_Sales_Rep" classname="tr.findlaw.tests.Sprint_6">
    <skipped/>
  </testcase> <!-- SOC_4698_Sales_Rep -->
  <testcase name="SOC_4106" classname="tr.findlaw.tests.Sprint_6">
    <skipped/>
  </testcase> <!-- SOC_4106 -->
  <testcase name="SOC_4698_Super_Law" classname="tr.findlaw.tests.Sprint_6">
    <skipped/>
  </testcase> <!-- SOC_4698_Super_Law -->
  <testcase name="SOC_4218" classname="tr.findlaw.tests.Sprint_6">
    <skipped/>
  </testcase> <!-- SOC_4218 -->
  <testcase name="SOC_4698_Acc_Mgmt" classname="tr.findlaw.tests.Sprint_6">
    <skipped/>
  </testcase> <!-- SOC_4698_Acc_Mgmt -->
  <testcase name="SOC_4698_Lead_Sales" classname="tr.findlaw.tests.Sprint_6">
    <skipped/>
  </testcase> <!-- SOC_4698_Lead_Sales -->
</testsuite> <!-- tr.findlaw.tests.Sprint_6 -->
