<?xml version="1.0" encoding="UTF-8"?>
<!-- Generated by org.testng.reporters.JUnitXMLReporter -->
<testsuite hostname="Swati-PC" ignored="9" name="SmokeTest" tests="1" failures="1" timestamp="13 Apr 2018 18:36:18 GMT" time="18.302" errors="0">
  <testcase name="SOC_4102" time="8.188" classname="tr.findlaw.tests.Sprint_6">
    <failure type="org.openqa.selenium.WebDriverException" message="Unable to enter text on the element: [[ChromeDriver: chrome on XP (3ee3538d20c4e4be3cacb1de4e78c78f)] -&amp;gt; id: username]
 org.openqa.selenium.WebDriverException: unknown error: call function result missing &amp;apos;value&amp;apos;
  (Session info: chrome=65.0.3325.181)
  (Driver info: chromedriver=2.33.506120 (e3e53437346286c0bc2d2dc9aa4915ba81d9023f),platform=Windows NT 6.1.7601 SP1 x86_64) (WARNING: The server did not provide any stacktrace information)
Command duration or timeout: 0 milliseconds
Build info: version: &amp;apos;3.8.1&amp;apos;, revision: &amp;apos;6e95a6684b&amp;apos;, time: &amp;apos;2017-12-01T18:33:54.468Z&amp;apos;
System info: host: &amp;apos;SWATI-PC&amp;apos;, ip: &amp;apos;192.168.79.1&amp;apos;, os.name: &amp;apos;Windows 7&amp;apos;, os.arch: &amp;apos;x86&amp;apos;, os.version: &amp;apos;6.1&amp;apos;, java.version: &amp;apos;1.8.0_65&amp;apos;
Driver info: org.openqa.selenium.chrome.ChromeDriver
Capabilities {acceptSslCerts: true, applicationCacheEnabled: false, browserConnectionEnabled: false, browserName: chrome, chrome: {chromedriverVersion: 2.33.506120 (e3e53437346286..., userDataDir: C:\Users\Swati\AppData\Loca...}, cssSelectorsEnabled: true, databaseEnabled: false, handlesAlerts: true, hasTouchScreen: false, javascriptEnabled: true, locationContextEnabled: true, mobileEmulationEnabled: false, nativeEvents: true, networkConnectionEnabled: false, pageLoadStrategy: normal, platform: XP, platformName: XP, rotatable: false, setWindowRect: true, takesHeapSnapshot: true, takesScreenshot: true, unexpectedAlertBehaviour: , unhandledPromptBehavior: , version: 65.0.3325.181, webStorageEnabled: true}
Session ID: 3ee3538d20c4e4be3cacb1de4e78c78f
Build info: version: &amp;apos;3.8.1&amp;apos;, revision: &amp;apos;6e95a6684b&amp;apos;, time: &amp;apos;2017-12-01T18:33:54.468Z&amp;apos;
System info: host: &amp;apos;SWATI-PC&amp;apos;, ip: &amp;apos;192.168.79.1&amp;apos;, os.name: &amp;apos;Windows 7&amp;apos;, os.arch: &amp;apos;x86&amp;apos;, os.version: &amp;apos;6.1&amp;apos;, java.version: &amp;apos;1.8.0_65&amp;apos;
Driver info: driver.version: unknown">
      <![CDATA[org.openqa.selenium.WebDriverException: Unable to enter text on the element: [[ChromeDriver: chrome on XP (3ee3538d20c4e4be3cacb1de4e78c78f)] -> id: username]
 org.openqa.selenium.WebDriverException: unknown error: call function result missing 'value'
  (Session info: chrome=65.0.3325.181)
  (Driver info: chromedriver=2.33.506120 (e3e53437346286c0bc2d2dc9aa4915ba81d9023f),platform=Windows NT 6.1.7601 SP1 x86_64) (WARNING: The server did not provide any stacktrace information)
Command duration or timeout: 0 milliseconds
Build info: version: '3.8.1', revision: '6e95a6684b', time: '2017-12-01T18:33:54.468Z'
System info: host: 'SWATI-PC', ip: '192.168.79.1', os.name: 'Windows 7', os.arch: 'x86', os.version: '6.1', java.version: '1.8.0_65'
Driver info: org.openqa.selenium.chrome.ChromeDriver
Capabilities {acceptSslCerts: true, applicationCacheEnabled: false, browserConnectionEnabled: false, browserName: chrome, chrome: {chromedriverVersion: 2.33.506120 (e3e53437346286..., userDataDir: C:\Users\Swati\AppData\Loca...}, cssSelectorsEnabled: true, databaseEnabled: false, handlesAlerts: true, hasTouchScreen: false, javascriptEnabled: true, locationContextEnabled: true, mobileEmulationEnabled: false, nativeEvents: true, networkConnectionEnabled: false, pageLoadStrategy: normal, platform: XP, platformName: XP, rotatable: false, setWindowRect: true, takesHeapSnapshot: true, takesScreenshot: true, unexpectedAlertBehaviour: , unhandledPromptBehavior: , version: 65.0.3325.181, webStorageEnabled: true}
Session ID: 3ee3538d20c4e4be3cacb1de4e78c78f
Build info: version: '3.8.1', revision: '6e95a6684b', time: '2017-12-01T18:33:54.468Z'
System info: host: 'SWATI-PC', ip: '192.168.79.1', os.name: 'Windows 7', os.arch: 'x86', os.version: '6.1', java.version: '1.8.0_65'
Driver info: driver.version: unknown
	at com.framework.handlers.ElementHandler.writeText(ElementHandler.java:93)
	at tr.findlaw.pages.BasePage.loginWithValidUser(BasePage.java:84)
	at tr.findlaw.basetest.FindlawBaseTest.applicationLogin(FindlawBaseTest.java:73)
	at tr.findlaw.tests.Sprint_6.SOC_4102(Sprint_6.java:38)
... Removed 25 stack frames]]>
    </failure>
  </testcase> <!-- SOC_4102 -->
  <testcase name="SOC_4482" time="0.0" classname="tr.findlaw.tests.Sprint_6">
    <ignored/>
  </testcase> <!-- SOC_4482 -->
  <testcase name="SOC_4105" time="0.0" classname="tr.findlaw.tests.Sprint_6">
    <ignored/>
  </testcase> <!-- SOC_4105 -->
  <testcase name="SOC_4484" time="0.0" classname="tr.findlaw.tests.Sprint_6">
    <ignored/>
  </testcase> <!-- SOC_4484 -->
  <testcase name="SOC_4698_Sales_Rep" time="0.0" classname="tr.findlaw.tests.Sprint_6">
    <ignored/>
  </testcase> <!-- SOC_4698_Sales_Rep -->
  <testcase name="SOC_4106" time="0.0" classname="tr.findlaw.tests.Sprint_6">
    <ignored/>
  </testcase> <!-- SOC_4106 -->
  <testcase name="SOC_4698_Super_Law" time="0.0" classname="tr.findlaw.tests.Sprint_6">
    <ignored/>
  </testcase> <!-- SOC_4698_Super_Law -->
  <testcase name="SOC_4218" time="0.0" classname="tr.findlaw.tests.Sprint_6">
    <ignored/>
  </testcase> <!-- SOC_4218 -->
  <testcase name="SOC_4698_Acc_Mgmt" time="0.0" classname="tr.findlaw.tests.Sprint_6">
    <ignored/>
  </testcase> <!-- SOC_4698_Acc_Mgmt -->
  <testcase name="SOC_4698_Lead_Sales" time="0.0" classname="tr.findlaw.tests.Sprint_6">
    <ignored/>
  </testcase> <!-- SOC_4698_Lead_Sales -->
</testsuite> <!-- SmokeTest -->
