<?xml version="1.0" encoding="UTF-8"?>
<testng-results skipped="0" failed="1" ignored="9" total="10" passed="0">
  <reporter-output>
    <line>
      <![CDATA[SOC_4102 : ======================== Login Page script execution started ========================</br>]]>
    </line>
    <line>
      <![CDATA[SOC_4102 : Launched the url</br>]]>
    </line>
  </reporter-output>
  <suite name="RegressionTestQA" duration-ms="18302" started-at="2018-04-13T18:36:00Z" finished-at="2018-04-13T18:36:18Z">
    <groups>
    </groups>
    <test name="SmokeTest" duration-ms="18302" started-at="2018-04-13T18:36:00Z" finished-at="2018-04-13T18:36:18Z">
      <class name="tr.findlaw.tests.Sprint_6">
        <test-method status="PASS" signature="beforeSuite(java.lang.String, java.lang.String, java.lang.String)[pri:0, instance:tr.findlaw.tests.Sprint_6@ebbb30]" name="beforeSuite" is-config="true" duration-ms="292" started-at="2018-04-14T00:05:59Z" finished-at="2018-04-14T00:06:00Z">
          <params>
            <param index="0">
              <value>
                <![CDATA[Smoke_Chrome]]>
              </value>
            </param>
            <param index="1">
              <value>
                <![CDATA[UAT]]>
              </value>
            </param>
            <param index="2">
              <value>
                <![CDATA[chrome]]>
              </value>
            </param>
          </params>
          <reporter-output>
          </reporter-output>
        </test-method> <!-- beforeSuite -->
        <test-method status="PASS" signature="setup()[pri:0, instance:tr.findlaw.tests.Sprint_6@ebbb30]" name="setup" is-config="true" duration-ms="6212" started-at="2018-04-14T00:06:00Z" finished-at="2018-04-14T00:06:06Z">
          <reporter-output>
          </reporter-output>
        </test-method> <!-- setup -->
        <test-method status="FAIL" signature="SOC_4102()[pri:0, instance:tr.findlaw.tests.Sprint_6@ebbb30]" name="SOC_4102" duration-ms="8188" started-at="2018-04-14T00:06:06Z" description="SOC-4102 Ability to bridge IM &amp; Firmsites for only 30,60,90 days for 100 percent" finished-at="2018-04-14T00:06:14Z">
          <exception class="org.openqa.selenium.WebDriverException">
            <message>
              <![CDATA[Unable to enter text on the element: [[ChromeDriver: chrome on XP (3ee3538d20c4e4be3cacb1de4e78c78f)] -> id: username]
 org.openqa.selenium.WebDriverException: unknown error: call function result missing 'value'
  (Session info: chrome=65.0.3325.181)
  (Driver info: chromedriver=2.33.506120 (e3e53437346286c0bc2d2dc9aa4915ba81d9023f),platform=Windows NT 6.1.7601 SP1 x86_64) (WARNING: The server did not provide any stacktrace information)
Command duration or timeout: 0 milliseconds
Build info: version: '3.8.1', revision: '6e95a6684b', time: '2017-12-01T18:33:54.468Z'
System info: host: 'SWATI-PC', ip: '192.168.79.1', os.name: 'Windows 7', os.arch: 'x86', os.version: '6.1', java.version: '1.8.0_65'
Driver info: org.openqa.selenium.chrome.ChromeDriver
Capabilities {acceptSslCerts: true, applicationCacheEnabled: false, browserConnectionEnabled: false, browserName: chrome, chrome: {chromedriverVersion: 2.33.506120 (e3e53437346286..., userDataDir: C:\Users\Swati\AppData\Loca...}, cssSelectorsEnabled: true, databaseEnabled: false, handlesAlerts: true, hasTouchScreen: false, javascriptEnabled: true, locationContextEnabled: true, mobileEmulationEnabled: false, nativeEvents: true, networkConnectionEnabled: false, pageLoadStrategy: normal, platform: XP, platformName: XP, rotatable: false, setWindowRect: true, takesHeapSnapshot: true, takesScreenshot: true, unexpectedAlertBehaviour: , unhandledPromptBehavior: , version: 65.0.3325.181, webStorageEnabled: true}
Session ID: 3ee3538d20c4e4be3cacb1de4e78c78f
Build info: version: '3.8.1', revision: '6e95a6684b', time: '2017-12-01T18:33:54.468Z'
System info: host: 'SWATI-PC', ip: '192.168.79.1', os.name: 'Windows 7', os.arch: 'x86', os.version: '6.1', java.version: '1.8.0_65'
Driver info: driver.version: unknown]]>
            </message>
            <full-stacktrace>
              <![CDATA[org.openqa.selenium.WebDriverException: Unable to enter text on the element: [[ChromeDriver: chrome on XP (3ee3538d20c4e4be3cacb1de4e78c78f)] -> id: username]
 org.openqa.selenium.WebDriverException: unknown error: call function result missing 'value'
  (Session info: chrome=65.0.3325.181)
  (Driver info: chromedriver=2.33.506120 (e3e53437346286c0bc2d2dc9aa4915ba81d9023f),platform=Windows NT 6.1.7601 SP1 x86_64) (WARNING: The server did not provide any stacktrace information)
Command duration or timeout: 0 milliseconds
Build info: version: '3.8.1', revision: '6e95a6684b', time: '2017-12-01T18:33:54.468Z'
System info: host: 'SWATI-PC', ip: '192.168.79.1', os.name: 'Windows 7', os.arch: 'x86', os.version: '6.1', java.version: '1.8.0_65'
Driver info: org.openqa.selenium.chrome.ChromeDriver
Capabilities {acceptSslCerts: true, applicationCacheEnabled: false, browserConnectionEnabled: false, browserName: chrome, chrome: {chromedriverVersion: 2.33.506120 (e3e53437346286..., userDataDir: C:\Users\Swati\AppData\Loca...}, cssSelectorsEnabled: true, databaseEnabled: false, handlesAlerts: true, hasTouchScreen: false, javascriptEnabled: true, locationContextEnabled: true, mobileEmulationEnabled: false, nativeEvents: true, networkConnectionEnabled: false, pageLoadStrategy: normal, platform: XP, platformName: XP, rotatable: false, setWindowRect: true, takesHeapSnapshot: true, takesScreenshot: true, unexpectedAlertBehaviour: , unhandledPromptBehavior: , version: 65.0.3325.181, webStorageEnabled: true}
Session ID: 3ee3538d20c4e4be3cacb1de4e78c78f
Build info: version: '3.8.1', revision: '6e95a6684b', time: '2017-12-01T18:33:54.468Z'
System info: host: 'SWATI-PC', ip: '192.168.79.1', os.name: 'Windows 7', os.arch: 'x86', os.version: '6.1', java.version: '1.8.0_65'
Driver info: driver.version: unknown
	at com.framework.reports.ReportBuilder.buildTestNodes(ReportBuilder.java:127)
	at com.framework.reports.ReportBuilder.buildReports(ReportBuilder.java:57)
	at com.framework.test.BaseTest.afterSuite(BaseTest.java:67)
	at sun.reflect.NativeMethodAccessorImpl.invoke0(Native Method)
	at sun.reflect.NativeMethodAccessorImpl.invoke(NativeMethodAccessorImpl.java:62)
	at sun.reflect.DelegatingMethodAccessorImpl.invoke(DelegatingMethodAccessorImpl.java:43)
	at java.lang.reflect.Method.invoke(Method.java:497)
	at org.testng.internal.MethodInvocationHelper.invokeMethod(MethodInvocationHelper.java:108)
	at org.testng.internal.Invoker.invokeConfigurationMethod(Invoker.java:523)
	at org.testng.internal.Invoker.invokeConfigurations(Invoker.java:224)
	at org.testng.internal.Invoker.invokeConfigurations(Invoker.java:146)
	at org.testng.SuiteRunner.privateRun(SuiteRunner.java:350)
	at org.testng.SuiteRunner.run(SuiteRunner.java:289)
	at org.testng.SuiteRunnerWorker.runSuite(SuiteRunnerWorker.java:52)
	at org.testng.SuiteRunnerWorker.run(SuiteRunnerWorker.java:86)
	at org.testng.TestNG.runSuitesSequentially(TestNG.java:1301)
	at org.testng.TestNG.runSuitesLocally(TestNG.java:1226)
	at org.testng.TestNG.runSuites(TestNG.java:1144)
	at org.testng.TestNG.run(TestNG.java:1115)
	at org.testng.remote.AbstractRemoteTestNG.run(AbstractRemoteTestNG.java:114)
	at org.testng.remote.RemoteTestNG.initAndRun(RemoteTestNG.java:251)
	at org.testng.remote.RemoteTestNG.main(RemoteTestNG.java:77)
]]>
            </full-stacktrace>
          </exception> <!-- org.openqa.selenium.WebDriverException -->
          <reporter-output>
            <line>
              <![CDATA[SOC_4102 : ======================== Login Page script execution started ========================</br>]]>
            </line>
            <line>
              <![CDATA[SOC_4102 : Launched the url</br>]]>
            </line>
          </reporter-output>
        </test-method> <!-- SOC_4102 -->
        <test-method status="PASS" signature="tearDown(org.testng.ITestResult)[pri:0, instance:tr.findlaw.tests.Sprint_6@ebbb30]" name="tearDown" is-config="true" duration-ms="3062" started-at="2018-04-14T00:06:15Z" finished-at="2018-04-14T00:06:18Z">
          <params>
            <param index="0">
              <value>
                <![CDATA[[TestResult name=SOC_4102 status=FAILURE method=Sprint_6.SOC_4102()[pri:0, instance:tr.findlaw.tests.Sprint_6@ebbb30] output=SOC_4102 : ======================== Login Page script execution started ========================</br>]]]>
              </value>
            </param>
          </params>
          <reporter-output>
          </reporter-output>
        </test-method> <!-- tearDown -->
        <test-method status="PASS" signature="afterSuite(org.testng.ITestContext)[pri:0, instance:tr.findlaw.tests.Sprint_6@ebbb30]" name="afterSuite" is-config="true" duration-ms="1224" started-at="2018-04-14T00:06:18Z" finished-at="2018-04-14T00:06:19Z">
          <params>
            <param index="0">
              <value>
                <![CDATA[org.testng.TestRunner@13ddbd9]]>
              </value>
            </param>
          </params>
          <reporter-output>
          </reporter-output>
        </test-method> <!-- afterSuite -->
      </class> <!-- tr.findlaw.tests.Sprint_6 -->
    </test> <!-- SmokeTest -->
  </suite> <!-- RegressionTestQA -->
</testng-results>
