<?xml version="1.0" encoding="UTF-8"?>
<!-- Generated by org.testng.reporters.JUnitXMLReporter -->
<testsuite hostname="Swati-PC" ignored="0" name="ToolsQA" tests="1" failures="0" timestamp="08 Mar 2018 17:24:28 GMT" time="0.105" errors="0">
  <testcase name="@BeforeSuite beforeSuite" time="0.0" classname="com.framework.test.BaseTest">
    <failure type="org.testng.TestNGException" message="
Parameter &amp;apos;suitename&amp;apos; is required by BeforeSuite on method beforeSuite but has not been marked @Optional or defined
in D:\Projects\FindLawTest\testNG.xml">
      <![CDATA[org.testng.TestNGException: 
Parameter 'suitename' is required by BeforeSuite on method beforeSuite but has not been marked @Optional or defined
in D:\Projects\FindLawTest\testNG.xml
... Removed 16 stack frames]]>
    </failure>
  </testcase> <!-- @BeforeSuite beforeSuite -->
  <testcase name="@BeforeMethod setup" time="0.0" classname="com.framework.test.BaseTest">
    <skipped/>
  </testcase> <!-- @BeforeMethod setup -->
  <testcase name="scenario1" time="0.004" classname="tr.findlaw.tests.TestngParameters">
    <skipped/>
  </testcase> <!-- scenario1 -->
</testsuite> <!-- ToolsQA -->
